<?xml version="1.0" encoding="UTF-8"?>
<!-- Generated by org.testng.reporters.JUnitXMLReporter -->
<testsuite ignored="0" hostname="DESKTOP-TG48D8J" failures="0" tests="6" name="Default test" time="0.32" errors="0" timestamp="2022-11-09T19:01:46 EST">
  <testcase classname="testCases.BaseClass" name="@BeforeTest setup" time="-1.668038506442E9">
    <failure type="org.testng.TestNGException" message="
Parameter &amp;apos;browser&amp;apos; is required by BeforeTest on method setup but has not been marked @Optional or defined
in C:\Users\deepa\AppData\Local\Temp\testng-eclipse-1569532927\testng-customsuite.xml">
      <![CDATA[org.testng.TestNGException: 
Parameter 'browser' is required by BeforeTest on method setup but has not been marked @Optional or defined
in C:\Users\deepa\AppData\Local\Temp\testng-eclipse-1569532927\testng-customsuite.xml
at org.testng.internal.Parameters.createParams(Parameters.java:270)
at org.testng.internal.Parameters.createParametersForMethod(Parameters.java:358)
at org.testng.internal.Parameters.createParameters(Parameters.java:700)
at org.testng.internal.Parameters.createConfigurationParameters(Parameters.java:168)
at org.testng.internal.ConfigInvoker.invokeConfigurations(ConfigInvoker.java:302)
at org.testng.TestRunner.invokeTestConfigurations(TestRunner.java:637)
at org.testng.TestRunner.beforeRun(TestRunner.java:627)
at org.testng.TestRunner.run(TestRunner.java:589)
at org.testng.SuiteRunner.runTest(SuiteRunner.java:377)
at org.testng.SuiteRunner.runSequentially(SuiteRunner.java:371)
at org.testng.SuiteRunner.privateRun(SuiteRunner.java:332)
at org.testng.SuiteRunner.run(SuiteRunner.java:276)
at org.testng.SuiteRunnerWorker.runSuite(SuiteRunnerWorker.java:53)
at org.testng.SuiteRunnerWorker.run(SuiteRunnerWorker.java:96)
at org.testng.TestNG.runSuitesSequentially(TestNG.java:1212)
at org.testng.TestNG.runSuitesLocally(TestNG.java:1134)
at org.testng.TestNG.runSuites(TestNG.java:1063)
at org.testng.TestNG.run(TestNG.java:1031)
at org.testng.remote.AbstractRemoteTestNG.run(AbstractRemoteTestNG.java:115)
at org.testng.remote.RemoteTestNG.initAndRun(RemoteTestNG.java:251)
at org.testng.remote.RemoteTestNG.main(RemoteTestNG.java:77)
]]>
    </failure>
  </testcase> <!-- @BeforeTest setup -->
  <testcase classname="testCases.ArrayTest" name="Arrayslogin" time="0.0">
    <skipped/>
  </testcase> <!-- Arrayslogin -->
  <testcase classname="testCases.ArrayTest" name="ArraysPython" time="0.0">
    <skipped/>
  </testcase> <!-- ArraysPython -->
  <testcase classname="testCases.ArrayTest" name="ArraysList" time="0.0">
    <skipped/>
  </testcase> <!-- ArraysList -->
  <testcase classname="testCases.ArrayTest" name="BasicOperation" time="0.0">
    <skipped/>
  </testcase> <!-- BasicOperation -->
  <testcase classname="testCases.ArrayTest" name="ApplicationOfArrays" time="0.0">
    <skipped/>
  </testcase> <!-- ApplicationOfArrays -->
  <testcase classname="testCases.ArrayTest" name="PracticeQuestion" time="0.0">
    <skipped/>
  </testcase> <!-- PracticeQuestion -->
</testsuite> <!-- Default test -->
