<?xml version="1.0" encoding="UTF-8"?>
<!-- Generated by org.testng.reporters.JUnitXMLReporter -->
<testsuite ignored="0" hostname="DESKTOP-TG48D8J" failures="0" tests="1" name="TestNG.xml" time="0.058" errors="0" timestamp="2022-10-28T00:51:58 EDT">
  <testcase classname="TestCase_ds_algo.BaseClass" name="@BeforeSuite setup" time="-1.666932718189E9">
    <failure type="org.testng.TestNGException" message="
Parameter &amp;apos;browser&amp;apos; is required by BeforeSuite on method setup but has not been marked @Optional or defined
in C:\Deepak\Parul_Learning\SDET81\Assignment\DS_Algo_Project\testng.xml">
      <![CDATA[org.testng.TestNGException: 
Parameter 'browser' is required by BeforeSuite on method setup but has not been marked @Optional or defined
in C:\Deepak\Parul_Learning\SDET81\Assignment\DS_Algo_Project\testng.xml
... Removed 16 stack frames]]>
    </failure>
  </testcase> <!-- @BeforeSuite setup -->
  <testcase classname="TestCase_ds_algo.HomePageTest" name="loginpage" time="0.0">
    <skipped/>
  </testcase> <!-- loginpage -->
</testsuite> <!-- TestNG.xml -->
