<?xml version="1.0" encoding="UTF-8"?>
<!-- Generated by org.testng.reporters.JUnitReportReporter -->
<testsuite hostname="DESKTOP-TG48D8J" failures="0" tests="8" name="TestNGSuite01.TestNgAnotationsExm" time="0.063" errors="1" timestamp="2022-09-16T18:26:21 EDT" skipped="0">
  <testcase classname="TestNGSuite01.TestNgAnotationsExm" name="login" time="0.020"/>
  <system-out/>
  <testcase classname="TestNGSuite01.TestNgAnotationsExm" name="test05" time="0.006"/>
  <system-out/>
  <testcase classname="TestNGSuite01.TestNgAnotationsExm" name="testCase03" time="0.010"/>
  <system-out/>
  <testcase classname="TestNGSuite01.TestNgAnotationsExm" name="login" time="0.007"/>
  <system-out/>
  <testcase classname="TestNGSuite01.TestNgAnotationsExm" name="testCase02" time="0.009"/>
  <system-out/>
  <testcase classname="TestNGSuite01.TestNgAnotationsExm" name="testCase04" time="0.004"/>
  <system-out/>
  <testcase classname="TestNGSuite01.TestNgAnotationsExm" name="test01" time="0.004">
    <error message="
Parameter &#039;browser&#039; is required by @Test on method test01 but has not been marked @Optional or defined
in C:\Users\deepa\AppData\Local\Temp\testng-eclipse-140262731\testng-customsuite.xml" type="org.testng.TestNGException">
      <![CDATA[org.testng.TestNGException: 
Parameter 'browser' is required by @Test on method test01 but has not been marked @Optional or defined
in C:\Users\deepa\AppData\Local\Temp\testng-eclipse-140262731\testng-customsuite.xml
at org.testng.internal.Parameters.createParams(Parameters.java:270)
at org.testng.internal.Parameters.createParametersForMethod(Parameters.java:358)
at org.testng.internal.Parameters.createParameters(Parameters.java:700)
at org.testng.internal.Parameters.handleParameters(Parameters.java:884)
at org.testng.internal.Parameters.handleParameters(Parameters.java:740)
at org.testng.internal.ParameterHandler.handleParameters(ParameterHandler.java:59)
at org.testng.internal.ParameterHandler.createParameters(ParameterHandler.java:38)
at org.testng.internal.TestInvoker$MethodInvocationAgent.invoke(TestInvoker.java:791)
at org.testng.internal.TestInvoker.invokeTestMethods(TestInvoker.java:146)
at org.testng.internal.TestMethodWorker.invokeTestMethods(TestMethodWorker.java:146)
at org.testng.internal.TestMethodWorker.run(TestMethodWorker.java:128)
at java.base/java.util.ArrayList.forEach(ArrayList.java:1511)
at org.testng.TestRunner.privateRun(TestRunner.java:794)
at org.testng.TestRunner.run(TestRunner.java:596)
at org.testng.SuiteRunner.runTest(SuiteRunner.java:377)
at org.testng.SuiteRunner.runSequentially(SuiteRunner.java:371)
at org.testng.SuiteRunner.privateRun(SuiteRunner.java:332)
at org.testng.SuiteRunner.run(SuiteRunner.java:276)
at org.testng.SuiteRunnerWorker.runSuite(SuiteRunnerWorker.java:53)
at org.testng.SuiteRunnerWorker.run(SuiteRunnerWorker.java:96)
at org.testng.TestNG.runSuitesSequentially(TestNG.java:1212)
at org.testng.TestNG.runSuitesLocally(TestNG.java:1134)
at org.testng.TestNG.runSuites(TestNG.java:1063)
at org.testng.TestNG.run(TestNG.java:1031)
at org.testng.remote.AbstractRemoteTestNG.run(AbstractRemoteTestNG.java:115)
at org.testng.remote.RemoteTestNG.initAndRun(RemoteTestNG.java:251)
at org.testng.remote.RemoteTestNG.main(RemoteTestNG.java:77)
]]>
    </error>
  </testcase> <!-- test01 -->
  <system-out/>
  <testcase classname="TestNGSuite01.TestNgAnotationsExm" name="testCase01" time="0.003"/>
  <system-out/>
</testsuite> <!-- TestNGSuite01.TestNgAnotationsExm -->
