<?xml version="1.0" encoding="UTF-8"?>
<!-- Generated by org.testng.reporters.JUnitXMLReporter -->
<testsuite ignored="2" hostname="DESKTOP-TG48D8J" failures="0" tests="1" name="DS_Algo" time="0.057" errors="0" timestamp="2022-10-28T00:58:30 EDT">
  <testcase classname="TestCase_ds_algo.BaseClass" name="@BeforeSuite setup" time="-1.666933110126E9">
    <failure type="org.testng.TestNGException" message="
Parameter &amp;apos;browser&amp;apos; is required by BeforeSuite on method setup but has not been marked @Optional or defined
in C:\Deepak\Parul_Learning\SDET81\Assignment\DS_Algo_Project\testng.xml">
      <![CDATA[org.testng.TestNGException: 
Parameter 'browser' is required by BeforeSuite on method setup but has not been marked @Optional or defined
in C:\Deepak\Parul_Learning\SDET81\Assignment\DS_Algo_Project\testng.xml
... Removed 16 stack frames]]>
    </failure>
  </testcase> <!-- @BeforeSuite setup -->
  <testcase classname="TestCase_ds_algo.HomePageTest" name="loginpage" time="0.0">
    <skipped/>
  </testcase> <!-- loginpage -->
  <testcase classname="TestCase_ds_algo.BaseClass" name="@AfterSuite tearDown" time="0.0">
    <ignored/>
  </testcase> <!-- @AfterSuite tearDown -->
  <testcase classname="TestCase_ds_algo.BaseClass" name="@BeforeSuite setup" time="0.0">
    <ignored/>
  </testcase> <!-- @BeforeSuite setup -->
</testsuite> <!-- DS_Algo -->
